0 info it worked if it ends with ok
1 verbose cli [ '/usr/local/bin/node',
1 verbose cli   '/usr/local/bin/npm',
1 verbose cli   'run',
1 verbose cli   'protractor' ]
2 info using npm@2.14.12
3 info using node@v4.3.2
4 verbose run-script [ 'preprotractor', 'protractor', 'postprotractor' ]
5 info preprotractor dueDiligenceApp@1.0.0
6 info protractor dueDiligenceApp@1.0.0
7 verbose unsafe-perm in lifecycle true
8 info dueDiligenceApp@1.0.0 Failed to exec protractor script
9 verbose stack Error: dueDiligenceApp@1.0.0 protractor: `protractor spec/protractor.conf.js`
9 verbose stack Exit status 1
9 verbose stack     at EventEmitter.<anonymous> (/usr/local/lib/node_modules/npm/lib/utils/lifecycle.js:214:16)
9 verbose stack     at emitTwo (events.js:87:13)
9 verbose stack     at EventEmitter.emit (events.js:172:7)
9 verbose stack     at ChildProcess.<anonymous> (/usr/local/lib/node_modules/npm/lib/utils/spawn.js:24:14)
9 verbose stack     at emitTwo (events.js:87:13)
9 verbose stack     at ChildProcess.emit (events.js:172:7)
9 verbose stack     at maybeClose (internal/child_process.js:821:16)
9 verbose stack     at Process.ChildProcess._handle.onexit (internal/child_process.js:211:5)
10 verbose pkgid dueDiligenceApp@1.0.0
11 verbose cwd /Users/eirikwiig/Projects/Course/Week10/crowdsource-due-diligence/angular
12 error Darwin 14.0.0
13 error argv "/usr/local/bin/node" "/usr/local/bin/npm" "run" "protractor"
14 error node v4.3.2
15 error npm  v2.14.12
16 error code ELIFECYCLE
17 error dueDiligenceApp@1.0.0 protractor: `protractor spec/protractor.conf.js`
17 error Exit status 1
18 error Failed at the dueDiligenceApp@1.0.0 protractor script 'protractor spec/protractor.conf.js'.
18 error This is most likely a problem with the dueDiligenceApp package,
18 error not with npm itself.
18 error Tell the author that this fails on your system:
18 error     protractor spec/protractor.conf.js
18 error You can get their info via:
18 error     npm owner ls dueDiligenceApp
18 error There is likely additional logging output above.
19 verbose exit [ 1, true ]
